app/proguard.cfg
-ignorewarnings
-renamesourcefileattribute SourceFile
-keepattributes *Annotation*
-keepattributes SourceFile,LineNumberTable
-repackageclasses ''

-keep public class * extends android.app.Activity
-keep public class * extends android.app.Application
-keep public class * extends android.app.Service
-keep public class * extends android.content.BroadcastReceiver
-keep public class * extends android.content.ContentProvider
-keep public class * extends android.view.View { public <init>(android.content.Context); public <init>(android.content.Context, android.util.AttributeSet); public <init>(android.content.Context, android.util.AttributeSet, int); public void set*(...); }
-keep class * extends android.preference.DialogPreference {
    public <init>(android.content.Context);
    public <init>(android.content.Context, android.util.AttributeSet);
    public <init>(android.content.Context, android.util.AttributeSet, int);
    public void set*(...);
}
-keepclassmembers class androidx.fragment.app.Fragment { *** getActivity(); public *** onCreate(); public *** onCreateOptionsMenu(...); }

# keep custom exceptions
-keep public class * extends java.lang.Exception

# don't warn for okio errors
-dontwarn okio.**

# rxjava
-dontwarn rx.**
-dontwarn sun.misc.**

-keepclassmembers class rx.internal.util.unsafe.*ArrayQueue*Field* {
   long producerIndex;
   long consumerIndex;
}

-keepclassmembers class rx.internal.util.unsafe.BaseLinkedQueueProducerNodeRef {
   long producerNode;
   long consumerNode;
}

# fabric
#-keep class com.crashlytics.** { *; } //1L
#-dontwarn com.crashlytics.** //1L

# quran - needed to avoid a crash on 4.0.2/4.0.3/4.0.4
-keep class com.salamquran.android.ui.util.ImageAyahUtils { *; }

# moshi
-keep class com.squareup.moshi.** { *; }
-keep interface com.squareup.moshi.** { *; }
-dontwarn com.squareup.moshi.**
-keep public class com.salamquran.android.dao.** { *; }