app/build/intermediates/proguard-rules/madani/release/aapt_rules.txt
# Referenced at merged_manifests/madaniRelease/AndroidManifest.xml:26
-keep class androidx.core.app.CoreComponentFactory { <init>(); }
# Referenced at merged_manifests/madaniRelease/AndroidManifest.xml:112
-keep class androidx.core.content.FileProvider { <init>(); }
# Referenced at merged_manifests/madaniRelease/AndroidManifest.xml:122
-keep class androidx.media.session.MediaButtonReceiver { <init>(); }
# Referenced at merged_manifests/madaniRelease/AndroidManifest.xml:63
-keep class com.salamquran.android.AboutUsActivity { <init>(); }
# Referenced at merged_manifests/madaniRelease/AndroidManifest.xml:66
-keep class com.salamquran.android.HelpActivity { <init>(); }
# Referenced at merged_manifests/madaniRelease/AndroidManifest.xml:78
-keep class com.salamquran.android.QuranAdvancedPreferenceActivity { <init>(); }
# Referenced at merged_manifests/madaniRelease/AndroidManifest.xml:26
-keep class com.salamquran.android.QuranApplication { <init>(); }
# Referenced at merged_manifests/madaniRelease/AndroidManifest.xml:48
-keep class com.salamquran.android.QuranDataActivity { <init>(); }
# Referenced at merged_manifests/madaniRelease/AndroidManifest.xml:93
-keep class com.salamquran.android.QuranForwarderActivity { <init>(); }
# Referenced at merged_manifests/madaniRelease/AndroidManifest.xml:128
-keep class com.salamquran.android.QuranImportActivity { <init>(); }
# Referenced at merged_manifests/madaniRelease/AndroidManifest.xml:74
-keep class com.salamquran.android.QuranPreferenceActivity { <init>(); }
# Referenced at merged_manifests/madaniRelease/AndroidManifest.xml:82
-keep class com.salamquran.android.SearchActivity { <init>(); }
# Referenced at merged_manifests/madaniRelease/AndroidManifest.xml:57
-keep class com.salamquran.android.ShortcutsActivity { <init>(); }
# Referenced at merged_manifests/madaniRelease/AndroidManifest.xml:38
-keep class com.salamquran.android.Splash { <init>(); }
# Referenced at merged_manifests/madaniRelease/AndroidManifest.xml:108
-keep class com.salamquran.android.data.QuranDataProvider { <init>(); }
# Referenced at merged_manifests/madaniRelease/AndroidManifest.xml:164
-keep class com.salamquran.android.pageselect.PageSelectActivity { <init>(); }
# Referenced at merged_manifests/madaniRelease/AndroidManifest.xml:171
-keep class com.salamquran.android.service.AudioService { <init>(); }
# Referenced at merged_manifests/madaniRelease/AndroidManifest.xml:168
-keep class com.salamquran.android.service.QuranDownloadService { <init>(); }
# Referenced at merged_manifests/madaniRelease/AndroidManifest.xml:102
-keep class com.salamquran.android.ui.AudioManagerActivity { <init>(); }
# Referenced at merged_manifests/madaniRelease/AndroidManifest.xml:67
-keep class com.salamquran.android.ui.PagerActivity { <init>(); }
# Referenced at merged_manifests/madaniRelease/AndroidManifest.xml:60
-keep class com.salamquran.android.ui.QuranActivity { <init>(); }
# Referenced at merged_manifests/madaniRelease/AndroidManifest.xml:71
-keep class com.salamquran.android.ui.TranslationManagerActivity { <init>(); }
# Referenced at res/layout-watch-v20/abc_alert_dialog_title_material.xml:53
# Referenced at res/layout/mtrl_alert_dialog_title.xml:41
# Referenced at res/layout/mtrl_alert_dialog_actions.xml:45
# Referenced at res/layout/mtrl_alert_dialog.xml:51
# Referenced at res/layout/abc_alert_dialog_title_material.xml:57
# Referenced at res/layout/abc_alert_dialog_material.xml:52
# Referenced at res/layout/abc_alert_dialog_button_bar_material.xml:43
-keep class android.widget.Space { <init>(...); }

# Referenced at res/layout/abc_select_dialog_material.xml:23
-keep class androidx.appcompat.app.AlertController$RecycleListView { <init>(...); }

# Referenced at res/layout/abc_action_menu_item_layout.xml:17
-keep class androidx.appcompat.view.menu.ActionMenuItemView { <init>(...); }

# Referenced at res/layout/abc_expanded_menu_layout.xml:17
-keep class androidx.appcompat.view.menu.ExpandedMenuView { <init>(...); }

# Referenced at res/layout/abc_popup_menu_item_layout.xml:17
# Referenced at res/layout/abc_list_menu_item_layout.xml:17
# Referenced at res/layout/abc_cascading_menu_item_layout.xml:20
-keep class androidx.appcompat.view.menu.ListMenuItemView { <init>(...); }

# Referenced at res/layout/abc_screen_toolbar.xml:27
-keep class androidx.appcompat.widget.ActionBarContainer { <init>(...); }

# Referenced at res/layout/abc_screen_toolbar.xml:43
# Referenced at res/layout/abc_action_mode_bar.xml:19
-keep class androidx.appcompat.widget.ActionBarContextView { <init>(...); }

# Referenced at res/layout/abc_screen_toolbar.xml:17
-keep class androidx.appcompat.widget.ActionBarOverlayLayout { <init>(...); }

# Referenced at res/layout/abc_action_menu_layout.xml:17
-keep class androidx.appcompat.widget.ActionMenuView { <init>(...); }

# Referenced at res/layout/abc_activity_chooser_view.xml:19
-keep class androidx.appcompat.widget.ActivityChooserView$InnerLayout { <init>(...); }

# Referenced at res/layout/mtrl_alert_dialog.xml:17
# Referenced at res/layout/abc_alert_dialog_material.xml:18
-keep class androidx.appcompat.widget.AlertDialogLayout { <init>(...); }

# Referenced at res/layout/mtrl_alert_dialog_actions.xml:26
# Referenced at res/layout/abc_alert_dialog_button_bar_material.xml:26
-keep class androidx.appcompat.widget.ButtonBarLayout { <init>(...); }

# Referenced at res/layout/abc_screen_content_include.xml:19
-keep class androidx.appcompat.widget.ContentFrameLayout { <init>(...); }

# Referenced at res/layout/mtrl_alert_dialog_title.xml:36
# Referenced at res/layout/abc_alert_dialog_title_material.xml:45
-keep class androidx.appcompat.widget.DialogTitle { <init>(...); }

# Referenced at res/layout/abc_screen_simple_overlay_action_mode.xml:23
-keep class androidx.appcompat.widget.FitWindowsFrameLayout { <init>(...); }

# Referenced at res/layout/abc_screen_simple.xml:17
# Referenced at res/layout/abc_dialog_title_material.xml:22
-keep class androidx.appcompat.widget.FitWindowsLinearLayout { <init>(...); }

# Referenced at res/layout/abc_search_view.xml:75
-keep class androidx.appcompat.widget.SearchView$SearchAutoComplete { <init>(...); }

# Referenced at res/layout/preference_widget_switch_compat.xml:20
-keep class androidx.appcompat.widget.SwitchCompat { <init>(...); }

# Referenced at res/layout-v26/abc_screen_toolbar.xml:37
# Referenced at res/layout/quran_page_activity.xml:34
# Referenced at res/layout/quran_index.xml:19
# Referenced at res/layout/preferences.xml:8
# Referenced at res/layout/about_us.xml:8
# Referenced at res/layout/abc_screen_toolbar.xml:36
-keep class androidx.appcompat.widget.Toolbar { <init>(...); }

# Referenced at res/layout/abc_screen_simple_overlay_action_mode.xml:32
# Referenced at res/layout/abc_screen_simple.xml:25
-keep class androidx.appcompat.widget.ViewStubCompat { <init>(...); }

# Referenced at res/layout/item_lms_group.xml:12
-keep class androidx.cardview.widget.CardView { <init>(...); }

# Referenced at res/layout/design_bottom_sheet_dialog.xml:26
-keep class androidx.coordinatorlayout.widget.CoordinatorLayout { <init>(...); }

# Referenced at res/layout/mtrl_alert_dialog.xml:40
# Referenced at res/layout/abc_alert_dialog_material.xml:41
-keep class androidx.core.widget.NestedScrollView { <init>(...); }

# Referenced at res/layout/preference_widget_seekbar_material.xml:76
# Referenced at res/layout/preference_widget_seekbar.xml:66
-keep class androidx.preference.UnPressableLinearLayout { <init>(...); }

# Referenced at res/layout/preference_dropdown.xml:39
# Referenced at res/layout/preference.xml:32
# Referenced at res/layout/image_frame.xml:31
-keep class androidx.preference.internal.PreferenceImageView { <init>(...); }

# Referenced at res/layout/translation_manager.xml:8
# Referenced at res/layout/quran_list.xml:6
# Referenced at res/layout/preference_recyclerview.xml:18
# Referenced at res/layout/mtrl_calendar_months.xml:18
# Referenced at res/layout/mtrl_calendar_horizontal.xml:29
# Referenced at res/layout/fragment_learn.xml:16
# Referenced at res/layout/audio_manager.xml:3
-keep class androidx.recyclerview.widget.RecyclerView { <init>(...); }

# Referenced at res/layout/translation_manager.xml:2
# Referenced at res/layout/fragment_learn.xml:11
-keep class androidx.swiperefreshlayout.widget.SwipeRefreshLayout { <init>(...); }

# Referenced at res/layout/quran_page_activity.xml:10
-keep class androidx.viewpager.widget.NonRestoringViewPager { <init>(...); }

# Referenced at res/layout/page_select.xml:2
-keep class androidx.viewpager.widget.ViewPager { <init>(...); }

# Referenced at res/layout/test_toolbar_surface.xml:16
# Referenced at res/layout/test_toolbar_elevation.xml:16
# Referenced at res/layout/test_toolbar_custom_background.xml:16
# Referenced at res/layout/test_toolbar.xml:16
-keep class com.google.android.material.appbar.MaterialToolbar { <init>(...); }

# Referenced at res/layout/quran_index.xml:53
-keep class com.google.android.material.bottomnavigation.BottomNavigationView { <init>(...); }

# Referenced at res/layout/mtrl_picker_header_fullscreen.xml:36
# Referenced at res/layout/mtrl_calendar_month_navigation.xml:32
-keep class com.google.android.material.button.MaterialButton { <init>(...); }

# Referenced at res/layout/test_reflow_chipgroup.xml:25
# Referenced at res/layout/test_action_chip.xml:17
-keep class com.google.android.material.chip.Chip { <init>(...); }

# Referenced at res/layout/test_reflow_chipgroup.xml:19
-keep class com.google.android.material.chip.ChipGroup { <init>(...); }

# Referenced at res/layout/mtrl_calendar_month.xml:18
-keep class com.google.android.material.datepicker.MaterialCalendarGridView { <init>(...); }

# Referenced at res/layout/page_select_page.xml:16
-keep class com.google.android.material.floatingactionbutton.FloatingActionButton { <init>(...); }

# Referenced at res/layout/design_bottom_navigation_item.xml:27
-keep class com.google.android.material.internal.BaselineLayout { <init>(...); }

# Referenced at res/layout/mtrl_picker_header_toggle.xml:18
# Referenced at res/layout/design_text_input_start_icon.xml:18
# Referenced at res/layout/design_text_input_end_icon.xml:18
-keep class com.google.android.material.internal.CheckableImageButton { <init>(...); }

# Referenced at res/layout/design_navigation_item.xml:17
-keep class com.google.android.material.internal.NavigationMenuItemView { <init>(...); }

# Referenced at res/layout/design_navigation_menu.xml:17
-keep class com.google.android.material.internal.NavigationMenuView { <init>(...); }

# Referenced at res/layout/mtrl_layout_snackbar.xml:18
# Referenced at res/layout/design_layout_snackbar.xml:18
-keep class com.google.android.material.snackbar.Snackbar$SnackbarLayout { <init>(...); }

# Referenced at res/layout/mtrl_layout_snackbar_include.xml:18
# Referenced at res/layout/design_layout_snackbar_include.xml:18
-keep class com.google.android.material.snackbar.SnackbarContentLayout { <init>(...); }

# Referenced at res/layout/tag_dialog.xml:7
# Referenced at res/layout/mtrl_picker_text_input_date_range.xml:32
# Referenced at res/layout/mtrl_picker_text_input_date.xml:31
-keep class com.google.android.material.textfield.TextInputEditText { <init>(...); }

# Referenced at res/layout/tag_dialog.xml:2
# Referenced at res/layout/mtrl_picker_text_input_date_range.xml:26
# Referenced at res/layout/mtrl_picker_text_input_date.xml:26
-keep class com.google.android.material.textfield.TextInputLayout { <init>(...); }

# Referenced at res/layout/text_view_without_line_height.xml:17
# Referenced at res/layout/text_view_with_theme_line_height.xml:17
# Referenced at res/layout/text_view_with_line_height_from_style.xml:17
# Referenced at res/layout/text_view_with_line_height_from_layout.xml:17
# Referenced at res/layout/text_view_with_line_height_from_appearance.xml:17
-keep class com.google.android.material.textview.MaterialTextView { <init>(...); }

# Referenced at res/xml/quran_advanced_preferences.xml:19
-keep class com.salamquran.android.ui.preference.DataListPreference { <init>(...); }

# Referenced at res/xml/about.xml:6
-keep class com.salamquran.android.ui.preference.QuranHeaderPreference { <init>(...); }

# Referenced at res/xml/quran_preferences.xml:72
-keep class com.salamquran.android.ui.preference.SeekBarPreference { <init>(...); }

# Referenced at res/layout/quran_page_activity.xml:53
-keep class com.salamquran.android.widgets.AudioStatusBar { <init>(...); }

# Referenced at res/layout/quran_translation_verse_number_row.xml:2
-keep class com.salamquran.android.widgets.AyahNumberView { <init>(...); }

# Referenced at res/layout/quran_page_activity.xml:16
-keep class com.salamquran.android.widgets.AyahToolBar { <init>(...); }

# Referenced at res/layout/quran_translation_spacer_row.xml:2
-keep class com.salamquran.android.widgets.DividerView { <init>(...); }

# Referenced at res/layout/quran_page_activity.xml:2
-keep class com.salamquran.android.widgets.FitSystemRelativeLayout { <init>(...); }

# Referenced at res/layout/jump_dialog.xml:35
-keep class com.salamquran.android.widgets.ForceCompleteTextView { <init>(...); }

# Referenced at res/layout/ayah_action_panel_layout.xml:33
-keep class com.salamquran.android.widgets.IconPageIndicator { <init>(...); }

# Referenced at res/layout/translation_panel.xml:25
-keep class com.salamquran.android.widgets.InlineTranslationView { <init>(...); }

# Referenced at res/layout/translation_panel.xml:32
-keep class com.salamquran.android.widgets.LeftToRightLinearLayout { <init>(...); }

# Referenced at res/layout/index_header_row.xml:2
-keep class com.salamquran.android.widgets.QuranHeaderView { <init>(...); }

# Referenced at res/layout-land/audio_panel.xml:56
# Referenced at res/layout/translation_panel.xml:15
# Referenced at res/layout/quran_page_activity.xml:44
# Referenced at res/layout/audio_panel.xml:28
-keep class com.salamquran.android.widgets.QuranSpinner { <init>(...); }

# Referenced at res/layout/quran_index.xml:36
# Referenced at res/layout/ayah_action_panel_layout.xml:41
-keep class com.salamquran.android.widgets.QuranViewPager { <init>(...); }

# Referenced at res/layout/quran_index.xml:29
-keep class com.salamquran.android.widgets.SlidingTabLayout { <init>(...); }

# Referenced at res/layout/quran_page_activity_slider.xml:2
-keep class com.salamquran.android.widgets.SlidingUpPanelLayout { <init>(...); }

# Referenced at res/layout/index_sura_row.xml:68
-keep class com.salamquran.android.widgets.TagsViewGroup { <init>(...); }