app/build/outputs/mapping/madani/beta/seeds.txt
com.salamquran.android.AboutUsActivity
com.salamquran.android.AboutUsActivity: AboutUsActivity()
com.salamquran.android.HelpActivity
com.salamquran.android.HelpActivity: HelpActivity()
com.salamquran.android.QuranAdvancedPreferenceActivity
com.salamquran.android.QuranAdvancedPreferenceActivity: QuranAdvancedPreferenceActivity()
com.salamquran.android.QuranApplication
com.salamquran.android.QuranApplication: QuranApplication()
com.salamquran.android.QuranDataActivity
com.salamquran.android.QuranDataActivity: QuranDataActivity()
com.salamquran.android.QuranForwarderActivity
com.salamquran.android.QuranForwarderActivity: QuranForwarderActivity()
com.salamquran.android.QuranImportActivity
com.salamquran.android.QuranImportActivity: QuranImportActivity()
com.salamquran.android.QuranPreferenceActivity
com.salamquran.android.QuranPreferenceActivity: QuranPreferenceActivity()
com.salamquran.android.R$anim: int abc_fade_in
com.salamquran.android.R$anim: int abc_fade_out
com.salamquran.android.R$anim: int abc_grow_fade_in_from_bottom
com.salamquran.android.R$anim: int abc_popup_enter
com.salamquran.android.R$anim: int abc_popup_exit
com.salamquran.android.R$anim: int abc_shrink_fade_out_from_bottom
com.salamquran.android.R$anim: int abc_slide_in_bottom
com.salamquran.android.R$anim: int abc_slide_in_top
com.salamquran.android.R$anim: int abc_slide_out_bottom
com.salamquran.android.R$anim: int abc_slide_out_top
com.salamquran.android.R$anim: int abc_tooltip_enter
com.salamquran.android.R$anim: int abc_tooltip_exit
com.salamquran.android.R$anim: int btn_checkbox_to_checked_box_inner_merged_animation
com.salamquran.android.R$anim: int btn_checkbox_to_checked_box_outer_merged_animation
com.salamquran.android.R$anim: int btn_checkbox_to_checked_icon_null_animation
com.salamquran.android.R$anim: int btn_checkbox_to_unchecked_box_inner_merged_animation
com.salamquran.android.R$anim: int btn_checkbox_to_unchecked_check_path_merged_animation
com.salamquran.android.R$anim: int btn_checkbox_to_unchecked_icon_null_animation
com.salamquran.android.R$anim: int btn_radio_to_off_mtrl_dot_group_animation
com.salamquran.android.R$anim: int btn_radio_to_off_mtrl_ring_outer_animation
com.salamquran.android.R$anim: int btn_radio_to_off_mtrl_ring_outer_path_animation
com.salamquran.android.R$anim: int btn_radio_to_on_mtrl_dot_group_animation
com.salamquran.android.R$animator: int design_appbar_state_list_animator
com.salamquran.android.R$animator: int design_fab_hide_motion_spec
com.salamquran.android.R$animator: int design_fab_show_motion_spec
com.salamquran.android.R$animator: int mtrl_btn_state_list_anim
com.salamquran.android.R$animator: int mtrl_btn_unelevated_state_list_anim
com.salamquran.android.R$animator: int mtrl_card_state_list_anim
com.salamquran.android.R$animator: int mtrl_chip_state_list_anim
com.salamquran.android.R$animator: int mtrl_extended_fab_change_size_motion_spec
com.salamquran.android.R$animator: int mtrl_extended_fab_hide_motion_spec
com.salamquran.android.R$animator: int mtrl_extended_fab_show_motion_spec
com.salamquran.android.R$animator: int mtrl_extended_fab_state_list_animator
com.salamquran.android.R$animator: int mtrl_fab_hide_motion_spec
com.salamquran.android.R$animator: int mtrl_fab_show_motion_spec
com.salamquran.android.R$animator: int mtrl_fab_transformation_sheet_collapse_spec
com.salamquran.android.R$animator: int mtrl_fab_transformation_sheet_expand_spec
...
com.google.android.material.snackbar.BaseTransientBottomBar$Behavior
com.google.android.material.snackbar.BaseTransientBottomBar$Behavior: BaseTransientBottomBar$Behavior()
com.google.android.material.snackbar.BaseTransientBottomBar$SnackbarBaseLayout
com.google.android.material.snackbar.BaseTransientBottomBar$SnackbarBaseLayout: BaseTransientBottomBar$SnackbarBaseLayout(android.content.Context)
com.google.android.material.snackbar.BaseTransientBottomBar$SnackbarBaseLayout: BaseTransientBottomBar$SnackbarBaseLayout(android.content.Context,android.util.AttributeSet)
com.google.android.material.snackbar.BaseTransientBottomBar$SnackbarBaseLayout: void setBackground(android.graphics.drawable.Drawable)
com.google.android.material.snackbar.BaseTransientBottomBar$SnackbarBaseLayout: void setBackgroundDrawable(android.graphics.drawable.Drawable)
com.google.android.material.snackbar.BaseTransientBottomBar$SnackbarBaseLayout: void setBackgroundTintList(android.content.res.ColorStateList)
com.google.android.material.snackbar.BaseTransientBottomBar$SnackbarBaseLayout: void setBackgroundTintMode(android.graphics.PorterDuff$Mode)
com.google.android.material.snackbar.BaseTransientBottomBar$SnackbarBaseLayout: void setOnClickListener(android.view.View$OnClickListener)
com.google.android.material.snackbar.BaseTransientBottomBar$SnackbarBaseLayout: void setOnLayoutChangeListener(com.google.android.material.snackbar.BaseTransientBottomBar$OnLayoutChangeListener)
com.google.android.material.snackbar.BaseTransientBottomBar$SnackbarBaseLayout: void setOnAttachStateChangeListener(com.google.android.material.snackbar.BaseTransientBottomBar$OnAttachStateChangeListener)
com.google.android.material.snackbar.Snackbar$SnackbarLayout
com.google.android.material.snackbar.Snackbar$SnackbarLayout: Snackbar$SnackbarLayout(android.content.Context)
com.google.android.material.snackbar.Snackbar$SnackbarLayout: Snackbar$SnackbarLayout(android.content.Context,android.util.AttributeSet)
com.google.android.material.snackbar.Snackbar$SnackbarLayout: void setOnClickListener(android.view.View$OnClickListener)
com.google.android.material.snackbar.Snackbar$SnackbarLayout: void setBackgroundTintMode(android.graphics.PorterDuff$Mode)
com.google.android.material.snackbar.Snackbar$SnackbarLayout: void setBackgroundTintList(android.content.res.ColorStateList)
com.google.android.material.snackbar.Snackbar$SnackbarLayout: void setBackgroundDrawable(android.graphics.drawable.Drawable)
com.google.android.material.snackbar.Snackbar$SnackbarLayout: void setBackground(android.graphics.drawable.Drawable)
com.google.android.material.snackbar.SnackbarContentLayout
com.google.android.material.snackbar.SnackbarContentLayout: SnackbarContentLayout(android.content.Context)
com.google.android.material.snackbar.SnackbarContentLayout: SnackbarContentLayout(android.content.Context,android.util.AttributeSet)
com.google.android.material.snackbar.SnackbarContentLayout: android.widget.TextView getMessageView()
com.google.android.material.snackbar.SnackbarContentLayout: android.widget.Button getActionView()
com.google.android.material.stateful.ExtendableSavedState: android.os.Parcelable$Creator CREATOR
com.google.android.material.switchmaterial.SwitchMaterial
com.google.android.material.switchmaterial.SwitchMaterial: SwitchMaterial(android.content.Context)
com.google.android.material.switchmaterial.SwitchMaterial: SwitchMaterial(android.content.Context,android.util.AttributeSet)
com.google.android.material.switchmaterial.SwitchMaterial: SwitchMaterial(android.content.Context,android.util.AttributeSet,int)
com.google.android.material.switchmaterial.SwitchMaterial: void setUseMaterialThemeColors(boolean)
com.google.android.material.switchmaterial.SwitchMaterial: android.content.res.ColorStateList getMaterialThemeColorsThumbTintList()
com.google.android.material.switchmaterial.SwitchMaterial: android.content.res.ColorStateList getMaterialThemeColorsTrackTintList()