app/build/outputs/mapping/madani/beta/usage.txt
com.salamquran.android.AboutUsActivity:
    private java.util.HashMap _$_findViewCache
    public android.view.View _$_findCachedViewById(int)
    public void _$_clearFindViewByIdCache()
com.salamquran.android.BuildConfig
com.salamquran.android.QuranAdvancedPreferenceActivity:
    private static final java.lang.String SI_LOCATION_TO_WRITE
    private static final int REQUEST_WRITE_TO_SDCARD_PERMISSION
com.salamquran.android.QuranApplication:
    113:115:public void addToRequestQueue(com.android.volley.Request,java.lang.String)
    123:126:public void cancelPendingRequests(java.lang.Object)
com.salamquran.android.QuranDataActivity:
    public static final java.lang.String PAGES_DOWNLOAD_KEY
    private static final int REQUEST_WRITE_TO_SDCARD_PERMISSIONS
    private static final java.lang.String QURAN_DIRECTORY_MARKER_FILE
    private static final java.lang.String QURAN_HIDDEN_DIRECTORY_MARKER_FILE
com.salamquran.android.QuranDataActivity_MembersInjector:
    private final javax.inject.Provider quranInfoProvider
    private final javax.inject.Provider quranFileUtilsProvider
    private final javax.inject.Provider quranScreenInfoProvider
    private final javax.inject.Provider quranPageProvider
    private final javax.inject.Provider copyDatabaseUtilProvider
    private final javax.inject.Provider quranDataPresenterProvider
    30:37:public QuranDataActivity_MembersInjector(javax.inject.Provider,javax.inject.Provider,javax.inject.Provider,javax.inject.Provider,javax.inject.Provider,javax.inject.Provider)
    44:44:public static dagger.MembersInjector create(javax.inject.Provider,javax.inject.Provider,javax.inject.Provider,javax.inject.Provider,javax.inject.Provider,javax.inject.Provider)
    48:54:public void injectMembers(com.salamquran.android.QuranDataActivity)
    13:13:public bridge synthetic void injectMembers(java.lang.Object)
com.salamquran.android.QuranForwarderActivity_MembersInjector:
    private final javax.inject.Provider quranInfoProvider
    11:13:public QuranForwarderActivity_MembersInjector(javax.inject.Provider)
    17:17:public static dagger.MembersInjector create(javax.inject.Provider)
    21:22:public void injectMembers(com.salamquran.android.QuranForwarderActivity)
    8:8:public bridge synthetic void injectMembers(java.lang.Object)
com.salamquran.android.QuranImportActivity_MembersInjector:
    private final javax.inject.Provider mPresenterProvider
    11:13:public QuranImportActivity_MembersInjector(javax.inject.Provider)
    17:17:public static dagger.MembersInjector create(javax.inject.Provider)
    21:22:public void injectMembers(com.salamquran.android.QuranImportActivity)
    8:8:public bridge synthetic void injectMembers(java.lang.Object)
com.salamquran.android.R:
    10:10:public R()
com.salamquran.android.R$anim
com.salamquran.android.R$animator
com.salamquran.android.R$array
com.salamquran.android.R$attr
com.salamquran.android.R$bool
com.salamquran.android.R$color
com.salamquran.android.R$dimen
com.salamquran.android.R$drawable
com.salamquran.android.R$font
com.salamquran.android.R$id
com.salamquran.android.R$integer
com.salamquran.android.R$interpolator
com.salamquran.android.R$layout
com.salamquran.android.R$menu
com.salamquran.android.R$plurals
com.salamquran.android.R$raw
com.salamquran.android.R$string
com.salamquran.android.R$style
com.salamquran.android.R$styleable:
    10304:10304:public R$styleable()
com.salamquran.android.R$xml
com.salamquran.android.SearchActivity:
    public static final java.lang.String SEARCH_INFO_DOWNLOAD_KEY
    private static final java.lang.String EXTRA_QUERY
...
androidx.core.util.Pools:
    73:75:private Pools()
androidx.core.util.Preconditions:
    35:38:public static void checkArgument(boolean)
    95:98:public static void checkState(boolean,java.lang.String)
    108:109:public static void checkState(boolean)
    121:125:public static int checkArgumentNonnegative(int,java.lang.String)
    158:168:public static int checkArgumentInRange(int,int,int,java.lang.String)
    171:172:private Preconditions()
androidx.core.util.Supplier
androidx.core.util.TimeUtils:
    public static final int HUNDRED_DAY_FIELD_LEN
    private static final int SECONDS_PER_MINUTE
    private static final int SECONDS_PER_HOUR
    private static final int SECONDS_PER_DAY
    154:158:public static void formatDuration(long,java.lang.StringBuilder)
    185:185:private TimeUtils()
androidx.core.view.ActionProvider:
    private static final java.lang.String TAG
    147:147:public android.content.Context getContext()
    206:209:public void refreshVisibility()
androidx.core.view.DisplayCutoutCompat
androidx.core.view.DragAndDropPermissionsCompat
androidx.core.view.DragStartHelper
androidx.core.view.DragStartHelper$1
androidx.core.view.DragStartHelper$2
androidx.core.view.DragStartHelper$OnDragStartListener
androidx.core.view.GestureDetectorCompat
androidx.core.view.GestureDetectorCompat$GestureDetectorCompatImpl
androidx.core.view.GestureDetectorCompat$GestureDetectorCompatImplBase
androidx.core.view.GestureDetectorCompat$GestureDetectorCompatImplBase$GestureHandler
androidx.core.view.GestureDetectorCompat$GestureDetectorCompatImplJellybeanMr2
androidx.core.view.GravityCompat:
    public static final int RELATIVE_LAYOUT_DIRECTION
    public static final int START
    public static final int END
    public static final int RELATIVE_HORIZONTAL_GRAVITY_MASK
    98:103:public static void apply(int,int,int,android.graphics.Rect,int,int,android.graphics.Rect,int)
    126:131:public static void applyDisplay(int,android.graphics.Rect,android.graphics.Rect,int)
    153:153:private GravityCompat()
androidx.core.view.InputDeviceCompat
androidx.core.view.KeyEventDispatcher:
    51:53:private KeyEventDispatcher()
androidx.core.view.LayoutInflaterCompat:
    private static final java.lang.String TAG
    95:96:private LayoutInflaterCompat()
    111:128:public static void setFactory(android.view.LayoutInflater,androidx.core.view.LayoutInflaterFactory)
    169:173:public static androidx.core.view.LayoutInflaterFactory getFactory(android.view.LayoutInflater)
androidx.core.view.LayoutInflaterCompat$Factory2Wrapper
androidx.core.view.LayoutInflaterFactory
androidx.core.view.MarginLayoutParamsCompat:
    112:115:public static boolean isMarginRelative(android.view.ViewGroup$MarginLayoutParams)
    127:139:public static int getLayoutDirection(android.view.ViewGroup$MarginLayoutParams)
    150:153:public static void setLayoutDirection(android.view.ViewGroup$MarginLayoutParams,int)
    161:164:public static void resolveLayoutDirection(android.view.ViewGroup$MarginLayoutParams,int)
    166:166:private MarginLayoutParamsCompat()
androidx.core.view.MenuCompat